<?xml version="1.0" encoding="UTF-8" ?>
<testsuite failures="0" time="89.485" errors="0" skipped="0" tests="4" name="test.tutorial.echo.EchoClientTest">
  <properties>
[...]
</properties>
  <testcase time="1.125" classname="test.tutorial.echo.EchoClientTest" name="testSleepingOneSec"/>
  <testcase time="9.109" classname="test.tutorial.echo.EchoClientTest" name="testSleepingTwoSecs"/>
  <testcase time="20.094" classname="test.tutorial.echo.EchoClientTest" name="testSleepingFourSecs"/>
  <testcase time="59.125" classname="test.tutorial.echo.EchoClientTest" name="testSleepingEightSecs"/>
</testsuite>